#
# There is insufficient memory for the Java Runtime Environment to continue.
# Native memory allocation (mmap) failed to map 41943040 bytes for committing reserved memory.
# Possible reasons:
#   The system is out of physical RAM or swap space
#   In 32 bit mode, the process size limit was hit
# Possible solutions:
#   Reduce memory load on the system
#   Increase physical memory or swap space
#   Check if swap backing store is full
#   Use 64 bit Java on a 64 bit OS
#   Decrease Java heap size (-Xmx/-Xms)
#   Decrease number of Java threads
#   Decrease Java thread stack sizes (-Xss)
#   Set larger code cache with -XX:ReservedCodeCacheSize=
# This output file may be truncated or incomplete.
#
#  Out of Memory Error (os_linux.cpp:2640), pid=3192, tid=0x00007f5651720700
#
# JRE version: OpenJDK Runtime Environment (8.0_152-b06) (build 1.8.0_152-release-1136-b06)
# Java VM: OpenJDK 64-Bit Server VM (25.152-b06 mixed mode linux-amd64 compressed oops)
# Failed to write core dump. Core dumps have been disabled. To enable core dumping, try "ulimit -c unlimited" before starting Java again
#

---------------  T H R E A D  ---------------

Current thread (0x00007f5664079000):  VMThread [stack: 0x00007f5651621000,0x00007f5651721000] [id=3211]

Stack: [0x00007f5651621000,0x00007f5651721000],  sp=0x00007f565171f520,  free space=1017k
Native frames: (J=compiled Java code, j=interpreted, Vv=VM code, C=native code)
V  [libjvm.so+0xa70d3f]  VMError::report_and_die()+0x2af
V  [libjvm.so+0x4c7207]  report_vm_out_of_memory(char const*, int, unsigned long, VMErrorType, char const*)+0x67
V  [libjvm.so+0x8b5b70]  os::pd_commit_memory(char*, unsigned long, unsigned long, bool)+0x100
V  [libjvm.so+0x8b078f]  os::commit_memory(char*, unsigned long, unsigned long, bool)+0x1f
V  [libjvm.so+0x92e446]  PSVirtualSpace::expand_by(unsigned long)+0x56
V  [libjvm.so+0x92f6d8]  PSYoungGen::resize(unsigned long, unsigned long)+0xd8
V  [libjvm.so+0x92be66]  PSScavenge::invoke_no_policy()+0x1356
V  [libjvm.so+0x92c20c]  PSScavenge::invoke()+0x4c
V  [libjvm.so+0x8dbda8]  ParallelScavengeHeap::failed_mem_allocate(unsigned long)+0x68
V  [libjvm.so+0xa72873]  VM_ParallelGCFailedAllocation::doit()+0x93
V  [libjvm.so+0xa778a6]  VM_Operation::evaluate()+0x46
V  [libjvm.so+0xa75102]  VMThread::evaluate_operation(VM_Operation*) [clone .constprop.31]+0xa2
V  [libjvm.so+0xa7652b]  VMThread::loop()+0x37b
V  [libjvm.so+0xa768d8]  VMThread::run()+0x78
V  [libjvm.so+0x8b3332]  java_start(Thread*)+0x102

VM_Operation (0x00007f566be35760): ParallelGCFailedAllocation, mode: safepoint, requested by thread 0x00007f566400b800


---------------  P R O C E S S  ---------------

Java Threads: ( => current thread )
  0x00007f5664152000 JavaThread "pool-1-thread-4" [_thread_blocked, id=3240, stack(0x00007f56504d3000,0x00007f56505d4000)]
  0x00007f566414f800 JavaThread "pool-1-thread-3" [_thread_blocked, id=3239, stack(0x00007f56505d4000,0x00007f56506d5000)]
  0x00007f566414b800 JavaThread "pool-1-thread-2" [_thread_blocked, id=3233, stack(0x00007f56506d5000,0x00007f56507d6000)]
  0x00007f5664148800 JavaThread "pool-2-thread-1" [_thread_blocked, id=3232, stack(0x00007f56507d6000,0x00007f56508d7000)]
  0x00007f5664144800 JavaThread "pool-1-thread-1" [_thread_blocked, id=3231, stack(0x00007f56508d7000,0x00007f56509d8000)]
  0x00007f56640c2000 JavaThread "Service Thread" daemon [_thread_blocked, id=3223, stack(0x00007f5650ad9000,0x00007f5650bda000)]
  0x00007f56640bf800 JavaThread "C1 CompilerThread2" daemon [_thread_blocked, id=3222, stack(0x00007f5650bdb000,0x00007f5650cdb000)]
  0x00007f56640bd800 JavaThread "C2 CompilerThread1" daemon [_thread_blocked, id=3221, stack(0x00007f5650cdc000,0x00007f5650ddc000)]
  0x00007f56640ba800 JavaThread "C2 CompilerThread0" daemon [_thread_blocked, id=3220, stack(0x00007f5650ddd000,0x00007f5650edd000)]
  0x00007f56640b9000 JavaThread "Signal Dispatcher" daemon [_thread_blocked, id=3219, stack(0x00007f5650edd000,0x00007f5650fde000)]
  0x00007f5664085000 JavaThread "Finalizer" daemon [_thread_blocked, id=3215, stack(0x00007f565141e000,0x00007f565151f000)]
  0x00007f5664080800 JavaThread "Reference Handler" daemon [_thread_blocked, id=3214, stack(0x00007f565151f000,0x00007f5651620000)]
  0x00007f566400b800 JavaThread "main" [_thread_blocked, id=3195, stack(0x00007f566bd38000,0x00007f566be38000)]

Other Threads:
=>0x00007f5664079000 VMThread [stack: 0x00007f5651621000,0x00007f5651721000] [id=3211]
  0x00007f56640c4800 WatcherThread [stack: 0x00007f56509d9000,0x00007f5650ad9000] [id=3224]

VM state:at safepoint (normal execution)

VM Mutex/Monitor currently owned by a thread:  ([mutex/lock_event])
[0x00007f5664007de0] Threads_lock - owner thread: 0x00007f5664079000
[0x00007f56640082e0] Heap_lock - owner thread: 0x00007f566400b800

Heap:
 PSYoungGen      total 34304K, used 2549K [0x00000000eab00000, 0x00000000ecf00000, 0x0000000100000000)
  eden space 31744K, 0% used [0x00000000eab00000,0x00000000eab00000,0x00000000eca00000)
  from space 2560K, 99% used [0x00000000eca00000,0x00000000ecc7d578,0x00000000ecc80000)
  to   space 2560K, 0% used [0x00000000ecc80000,0x00000000ecc80000,0x00000000ecf00000)
 ParOldGen       total 42496K, used 12849K [0x00000000c0000000, 0x00000000c2980000, 0x00000000eab00000)
  object space 42496K, 30% used [0x00000000c0000000,0x00000000c0c8c430,0x00000000c2980000)
 Metaspace       used 6081K, capacity 6960K, committed 7040K, reserved 1056768K
  class space    used 587K, capacity 616K, committed 640K, reserved 1048576K

Card table byte_map: [0x00007f56688a8000,0x00007f5668aa9000] byte_map_base: 0x00007f56682a8000

Marking Bits: (ParMarkBitMap*) 0x00007f566b1ea160
 Begin Bits: [0x00007f5653000000, 0x00007f5654000000)
 End Bits:   [0x00007f5654000000, 0x00007f5655000000)

Polling page: 0x00007f566be59000

CodeCache: size=245760Kb used=4302Kb max_used=4302Kb free=241457Kb
 bounds [0x00007f5655000000, 0x00007f5655440000, 0x00007f5664000000]
 total_blobs=1452 nmethods=1184 adapters=183
 compilation: enabled

Compilation events (10 events):
Event: 10,279 Thread 0x00007f56640bf800 1289       1       com.android.dx.cf.code.ByteCatchList$Item::getEndPc (5 bytes)
Event: 10,279 Thread 0x00007f56640bf800 nmethod 1289 0x00007f5655436750 code [0x00007f56554368a0, 0x00007f56554369b0]
Event: 10,279 Thread 0x00007f56640bf800  997       1       com.android.dx.dex.file.DexFile::getStringIds (5 bytes)
Event: 10,279 Thread 0x00007f56640bf800 nmethod 997 0x00007f5655436a10 code [0x00007f5655436b60, 0x00007f5655436c70]
Event: 10,279 Thread 0x00007f56640bf800 1054       1       java.util.HashMap$Node::getValue (5 bytes)
Event: 10,279 Thread 0x00007f56640bf800 nmethod 1054 0x00007f5655436cd0 code [0x00007f5655436e20, 0x00007f5655436f30]
Event: 10,279 Thread 0x00007f56640bf800 1148       1       com.android.dx.ssa.back.FirstFitLocalCombiningAllocator$Multiset::getSize (5 bytes)
Event: 10,279 Thread 0x00007f56640bf800 nmethod 1148 0x00007f5655436f90 code [0x00007f56554370e0, 0x00007f56554371f0]
Event: 10,279 Thread 0x00007f56640bf800 1298       1       com.android.dx.cf.code.Ropper::access$000 (5 bytes)
Event: 10,279 Thread 0x00007f56640bf800 nmethod 1298 0x00007f5655437250 code [0x00007f56554373a0, 0x00007f5655437490]

GC Heap History (9 events):
Event: 4,360 GC heap before
{Heap before GC invocations=1 (full 0):
 PSYoungGen      total 18432K, used 15872K [0x00000000eab00000, 0x00000000ebf80000, 0x0000000100000000)
  eden space 15872K, 100% used [0x00000000eab00000,0x00000000eba80000,0x00000000eba80000)
  from space 2560K, 0% used [0x00000000ebd00000,0x00000000ebd00000,0x00000000ebf80000)
  to   space 2560K, 0% used [0x00000000eba80000,0x00000000eba80000,0x00000000ebd00000)
 ParOldGen       total 42496K, used 0K [0x00000000c0000000, 0x00000000c2980000, 0x00000000eab00000)
  object space 42496K, 0% used [0x00000000c0000000,0x00000000c0000000,0x00000000c2980000)
 Metaspace       used 5652K, capacity 6640K, committed 6784K, reserved 1056768K
  class space    used 582K, capacity 616K, committed 640K, reserved 1048576K
Event: 4,439 GC heap after
Heap after GC invocations=1 (full 0):
 PSYoungGen      total 18432K, used 2554K [0x00000000eab00000, 0x00000000ebf80000, 0x0000000100000000)
  eden space 15872K, 0% used [0x00000000eab00000,0x00000000eab00000,0x00000000eba80000)
  from space 2560K, 99% used [0x00000000eba80000,0x00000000ebcfead8,0x00000000ebd00000)
  to   space 2560K, 0% used [0x00000000ebd00000,0x00000000ebd00000,0x00000000ebf80000)
 ParOldGen       total 42496K, used 1568K [0x00000000c0000000, 0x00000000c2980000, 0x00000000eab00000)
  object space 42496K, 3% used [0x00000000c0000000,0x00000000c0188358,0x00000000c2980000)
 Metaspace       used 5652K, capacity 6640K, committed 6784K, reserved 1056768K
  class space    used 582K, capacity 616K, committed 640K, reserved 1048576K
}
Event: 6,107 GC heap before
{Heap before GC invocations=2 (full 0):
 PSYoungGen      total 18432K, used 18426K [0x00000000eab00000, 0x00000000ebf80000, 0x0000000100000000)
  eden space 15872K, 100% used [0x00000000eab00000,0x00000000eba80000,0x00000000eba80000)
  from space 2560K, 99% used [0x00000000eba80000,0x00000000ebcfead8,0x00000000ebd00000)
  to   space 2560K, 0% used [0x00000000ebd00000,0x00000000ebd00000,0x00000000ebf80000)
 ParOldGen       total 42496K, used 1568K [0x00000000c0000000, 0x00000000c2980000, 0x00000000eab00000)
  object space 42496K, 3% used [0x00000000c0000000,0x00000000c0188358,0x00000000c2980000)
 Metaspace       used 5875K, capacity 6768K, committed 7040K, reserved 1056768K
  class space    used 583K, capacity 616K, committed 640K, reserved 1048576K
Event: 6,277 GC heap after
Heap after GC invocations=2 (full 0):
 PSYoungGen      total 18432K, used 2556K [0x00000000eab00000, 0x00000000ecf00000, 0x0000000100000000)
  eden space 15872K, 0% used [0x00000000eab00000,0x00000000eab00000,0x00000000eba80000)
  from space 2560K, 99% used [0x00000000ebd00000,0x00000000ebf7f1f8,0x00000000ebf80000)
  to   space 2560K, 0% used [0x00000000eba80000,0x00000000eba80000,0x00000000ebd00000)
 ParOldGen       total 42496K, used 3381K [0x00000000c0000000, 0x00000000c2980000, 0x00000000eab00000)
  object space 42496K, 7% used [0x00000000c0000000,0x00000000c034d4c0,0x00000000c2980000)
 Metaspace       used 5875K, capacity 6768K, committed 7040K, reserved 1056768K
  class space    used 583K, capacity 616K, committed 640K, reserved 1048576K
}
Event: 8,648 GC heap before
{Heap before GC invocations=3 (full 0):
 PSYoungGen      total 18432K, used 18428K [0x00000000eab00000, 0x00000000ecf00000, 0x0000000100000000)
  eden space 15872K, 100% used [0x00000000eab00000,0x00000000eba80000,0x00000000eba80000)
  from space 2560K, 99% used [0x00000000ebd00000,0x00000000ebf7f1f8,0x00000000ebf80000)
  to   space 2560K, 0% used [0x00000000eba80000,0x00000000eba80000,0x00000000ebd00000)
 ParOldGen       total 42496K, used 3381K [0x00000000c0000000, 0x00000000c2980000, 0x00000000eab00000)
  object space 42496K, 7% used [0x00000000c0000000,0x00000000c034d4c0,0x00000000c2980000)
 Metaspace       used 6013K, capacity 6896K, committed 7040K, reserved 1056768K
  class space    used 584K, capacity 616K, committed 640K, reserved 1048576K
Event: 8,689 GC heap after
Heap after GC invocations=3 (full 0):
 PSYoungGen      total 18432K, used 2533K [0x00000000eab00000, 0x00000000ecf00000, 0x0000000100000000)
  eden space 15872K, 0% used [0x00000000eab00000,0x00000000eab00000,0x00000000eba80000)
  from space 2560K, 98% used [0x00000000eba80000,0x00000000ebcf9588,0x00000000ebd00000)
  to   space 2560K, 0% used [0x00000000ecc80000,0x00000000ecc80000,0x00000000ecf00000)
 ParOldGen       total 42496K, used 5617K [0x00000000c0000000, 0x00000000c2980000, 0x00000000eab00000)
  object space 42496K, 13% used [0x00000000c0000000,0x00000000c057c620,0x00000000c2980000)
 Metaspace       used 6013K, capacity 6896K, committed 7040K, reserved 1056768K
  class space    used 584K, capacity 616K, committed 640K, reserved 1048576K
}
Event: 9,435 GC heap before
{Heap before GC invocations=4 (full 0):
 PSYoungGen      total 18432K, used 18405K [0x00000000eab00000, 0x00000000ecf00000, 0x0000000100000000)
  eden space 15872K, 100% used [0x00000000eab00000,0x00000000eba80000,0x00000000eba80000)
  from space 2560K, 98% used [0x00000000eba80000,0x00000000ebcf9588,0x00000000ebd00000)
  to   space 2560K, 0% used [0x00000000ecc80000,0x00000000ecc80000,0x00000000ecf00000)
 ParOldGen       total 42496K, used 5617K [0x00000000c0000000, 0x00000000c2980000, 0x00000000eab00000)
  object space 42496K, 13% used [0x00000000c0000000,0x00000000c057c620,0x00000000c2980000)
 Metaspace       used 6035K, capacity 6960K, committed 7040K, reserved 1056768K
  class space    used 585K, capacity 616K, committed 640K, reserved 1048576K
Event: 9,483 GC heap after
Heap after GC invocations=4 (full 0):
 PSYoungGen      total 34304K, used 2549K [0x00000000eab00000, 0x00000000ecf00000, 0x0000000100000000)
  eden space 31744K, 0% used [0x00000000eab00000,0x00000000eab00000,0x00000000eca00000)
  from space 2560K, 99% used [0x00000000ecc80000,0x00000000ecefd598,0x00000000ecf00000)
  to   space 2560K, 0% used [0x00000000eca00000,0x00000000eca00000,0x00000000ecc80000)
 ParOldGen       total 42496K, used 8273K [0x00000000c0000000, 0x00000000c2980000, 0x00000000eab00000)
  object space 42496K, 19% used [0x00000000c0000000,0x00000000c08144a8,0x00000000c2980000)
 Metaspace       used 6035K, capacity 6960K, committed 7040K, reserved 1056768K
  class space    used 585K, capacity 616K, committed 640K, reserved 1048576K
}
Event: 10,291 GC heap before
{Heap before GC invocations=5 (full 0):
 PSYoungGen      total 34304K, used 34293K [0x00000000eab00000, 0x00000000ecf00000, 0x0000000100000000)
  eden space 31744K, 100% used [0x00000000eab00000,0x00000000eca00000,0x00000000eca00000)
  from space 2560K, 99% used [0x00000000ecc80000,0x00000000ecefd598,0x00000000ecf00000)
  to   space 2560K, 0% used [0x00000000eca00000,0x00000000eca00000,0x00000000ecc80000)
 ParOldGen       total 42496K, used 8273K [0x00000000c0000000, 0x00000000c2980000, 0x00000000eab00000)
  object space 42496K, 19% used [0x00000000c0000000,0x00000000c08144a8,0x00000000c2980000)
 Metaspace       used 6081K, capacity 6960K, committed 7040K, reserved 1056768K
  class space    used 587K, capacity 616K, committed 640K, reserved 1048576K

Deoptimization events (8 events):
Event: 2,420 Thread 0x00007f566400b800 Uncommon trap: reason=unstable_if action=reinterpret pc=0x00007f56551486c8 method=java.lang.String.indexOf(II)I @ 49
Event: 4,288 Thread 0x00007f5664152000 Uncommon trap: reason=unstable_if action=reinterpret pc=0x00007f56551fcc6c method=java.util.BitSet.nextSetBit(I)I @ 87
Event: 8,318 Thread 0x00007f566400b800 Uncommon trap: reason=null_check action=make_not_entrant pc=0x00007f56552a04a8 method=com.android.dx.rop.type.Type.equals(Ljava/lang/Object;)Z @ 8
Event: 9,387 Thread 0x00007f5664144800 Uncommon trap: reason=bimorphic action=maybe_recompile pc=0x00007f5655231b74 method=java.util.HashMap.getNode(ILjava/lang/Object;)Ljava/util/HashMap$Node; @ 126
Event: 9,409 Thread 0x00007f5664144800 Uncommon trap: reason=bimorphic action=maybe_recompile pc=0x00007f5655231b74 method=java.util.HashMap.getNode(ILjava/lang/Object;)Ljava/util/HashMap$Node; @ 126
Event: 9,590 Thread 0x00007f5664144800 Uncommon trap: reason=bimorphic action=maybe_recompile pc=0x00007f5655231b74 method=java.util.HashMap.getNode(ILjava/lang/Object;)Ljava/util/HashMap$Node; @ 126
Event: 9,604 Thread 0x00007f5664144800 Uncommon trap: reason=bimorphic action=maybe_recompile pc=0x00007f5655231b74 method=java.util.HashMap.getNode(ILjava/lang/Object;)Ljava/util/HashMap$Node; @ 126
Event: 9,940 Thread 0x00007f566414b800 Uncommon trap: reason=bimorphic action=maybe_recompile pc=0x00007f5655206f20 method=java.util.HashMap.getNode(ILjava/lang/Object;)Ljava/util/HashMap$Node; @ 126

Classes redefined (0 events):
No events

Internal exceptions (3 events):
Event: 0,332 Thread 0x00007f566400b800 Exception <a 'java/lang/NoSuchMethodError': Method sun.misc.Unsafe.defineClass(Ljava/lang/String;[BII)Ljava/lang/Class; name or signature does not match> (0x00000000eab07ca8) thrown at [/usr/local/google/home/ralucas/source/AOSP-openjdk-git/jdk8u/hotspot/
Event: 0,332 Thread 0x00007f566400b800 Exception <a 'java/lang/NoSuchMethodError': Method sun.misc.Unsafe.prefetchRead(Ljava/lang/Object;J)V name or signature does not match> (0x00000000eab07f90) thrown at [/usr/local/google/home/ralucas/source/AOSP-openjdk-git/jdk8u/hotspot/src/share/vm/prims
Event: 8,318 Thread 0x00007f566400b800 Implicit null exception at 0x00007f56552a03a2 to 0x00007f56552a049b

Events (10 events):
Event: 9,590 Thread 0x00007f5664144800 Uncommon trap: trap_request=0xffffffc6 fr.pc=0x00007f5655231b74
Event: 9,590 Thread 0x00007f5664144800 DEOPT PACKING pc=0x00007f5655231b74 sp=0x00007f56509d6050
Event: 9,590 Thread 0x00007f5664144800 DEOPT UNPACKING pc=0x00007f565504547a sp=0x00007f56509d5f98 mode 2
Event: 9,604 Thread 0x00007f5664144800 Uncommon trap: trap_request=0xffffffc6 fr.pc=0x00007f5655231b74
Event: 9,604 Thread 0x00007f5664144800 DEOPT PACKING pc=0x00007f5655231b74 sp=0x00007f56509d6050
Event: 9,604 Thread 0x00007f5664144800 DEOPT UNPACKING pc=0x00007f565504547a sp=0x00007f56509d5f98 mode 2
Event: 9,940 Thread 0x00007f566414b800 Uncommon trap: trap_request=0xffffffc6 fr.pc=0x00007f5655206f20
Event: 9,940 Thread 0x00007f566414b800 DEOPT PACKING pc=0x00007f5655206f20 sp=0x00007f56507d3fe0
Event: 9,940 Thread 0x00007f566414b800 DEOPT UNPACKING pc=0x00007f565504547a sp=0x00007f56507d3f98 mode 2
Event: 10,288 Executing VM operation: ParallelGCFailedAllocation


Dynamic libraries:
c0000000-c2980000 rw-p 00000000 00:00 0 
c2980000-eab00000 ---p 00000000 00:00 0 
eab00000-ecf00000 rw-p 00000000 00:00 0 
ef700000-100000000 ---p 00000000 00:00 0 
100000000-1000a0000 rw-p 00000000 00:00 0 
1000a0000-140000000 ---p 00000000 00:00 0 
55791ebb6000-55791ebb7000 r-xp 00000000 08:08 3425068                    /usr/local/android-studio/jre/bin/java
55791edb6000-55791edb7000 r--p 00000000 08:08 3425068                    /usr/local/android-studio/jre/bin/java
55791edb7000-55791edb8000 rw-p 00001000 08:08 3425068                    /usr/local/android-studio/jre/bin/java
55791fb5f000-55791fb80000 rw-p 00000000 00:00 0                          [heap]
7f5604000000-7f5604021000 rw-p 00000000 00:00 0 
7f5604021000-7f5608000000 ---p 00000000 00:00 0 
7f560c000000-7f560c04b000 rw-p 00000000 00:00 0 
7f560c04b000-7f5610000000 ---p 00000000 00:00 0 
7f5610000000-7f5610021000 rw-p 00000000 00:00 0 
7f5610021000-7f5614000000 ---p 00000000 00:00 0 
7f5614000000-7f561402d000 rw-p 00000000 00:00 0 
7f561402d000-7f5618000000 ---p 00000000 00:00 0 
7f5618000000-7f5618021000 rw-p 00000000 00:00 0 
7f5618021000-7f561c000000 ---p 00000000 00:00 0 
7f561c000000-7f561c7cf000 rw-p 00000000 00:00 0 
7f561c7cf000-7f5620000000 ---p 00000000 00:00 0 
7f5620000000-7f5620021000 rw-p 00000000 00:00 0 
7f5620021000-7f5624000000 ---p 00000000 00:00 0 
7f5624000000-7f562463a000 rw-p 00000000 00:00 0 
7f562463a000-7f5628000000 ---p 00000000 00:00 0 
7f5628000000-7f5628021000 rw-p 00000000 00:00 0 
7f5628021000-7f562c000000 ---p 00000000 00:00 0 
7f562c000000-7f562c021000 rw-p 00000000 00:00 0 
7f562c021000-7f5630000000 ---p 00000000 00:00 0 
7f5630000000-7f563071a000 rw-p 00000000 00:00 0 
7f563071a000-7f5634000000 ---p 00000000 00:00 0 
7f5634000000-7f5634021000 rw-p 00000000 00:00 0 
7f5634021000-7f5638000000 ---p 00000000 00:00 0 
7f5638000000-7f5638021000 rw-p 00000000 00:00 0 
7f5638021000-7f563c000000 ---p 00000000 00:00 0 
7f563c000000-7f563c021000 rw-p 00000000 00:00 0 
7f563c021000-7f5640000000 ---p 00000000 00:00 0 
7f5640000000-7f564027f000 rw-p 00000000 00:00 0 
7f564027f000-7f5644000000 ---p 00000000 00:00 0 
7f5644000000-7f5644021000 rw-p 00000000 00:00 0 
7f5644021000-7f5648000000 ---p 00000000 00:00 0 
7f5648000000-7f5648021000 rw-p 00000000 00:00 0 
7f5648021000-7f564c000000 ---p 00000000 00:00 0 
7f564c000000-7f564c021000 rw-p 00000000 00:00 0 
7f564c021000-7f5650000000 ---p 00000000 00:00 0 
7f56504d3000-7f56504d6000 ---p 00000000 00:00 0 
7f56504d6000-7f56505d4000 rw-p 00000000 00:00 0 
7f56505d4000-7f56505d7000 ---p 00000000 00:00 0 
7f56505d7000-7f56506d5000 rw-p 00000000 00:00 0 
7f56506d5000-7f56506d8000 ---p 00000000 00:00 0 
7f56506d8000-7f56507d6000 rw-p 00000000 00:00 0 
7f56507d6000-7f56507d9000 ---p 00000000 00:00 0 
7f56507d9000-7f56508d7000 rw-p 00000000 00:00 0 
7f56508d7000-7f56508da000 ---p 00000000 00:00 0 
7f56508da000-7f56509d8000 rw-p 00000000 00:00 0 
7f56509d8000-7f56509d9000 ---p 00000000 00:00 0 
7f56509d9000-7f5650ad9000 rw-p 00000000 00:00 0 
7f5650ad9000-7f5650adc000 ---p 00000000 00:00 0 
7f5650adc000-7f5650bda000 rw-p 00000000 00:00 0 
7f5650bda000-7f5650bdb000 ---p 00000000 00:00 0 
7f5650bdb000-7f5650bde000 ---p 00000000 00:00 0 
7f5650bde000-7f5650cdb000 rw-p 00000000 00:00 0 
7f5650cdb000-7f5650cdc000 ---p 00000000 00:00 0 
7f5650cdc000-7f5650cdf000 ---p 00000000 00:00 0 
7f5650cdf000-7f5650ddc000 rw-p 00000000 00:00 0 
7f5650ddc000-7f5650ddd000 ---p 00000000 00:00 0 
7f5650ddd000-7f5650de0000 ---p 00000000 00:00 0 
7f5650de0000-7f5650edd000 rw-p 00000000 00:00 0 
7f5650edd000-7f5650ee0000 ---p 00000000 00:00 0 
7f5650ee0000-7f5650fde000 rw-p 00000000 00:00 0 
7f5650fde000-7f565141e000 r--p 00000000 08:08 3408908                    /usr/lib/locale/locale-archive
7f565141e000-7f5651421000 ---p 00000000 00:00 0 
7f5651421000-7f565151f000 rw-p 00000000 00:00 0 
7f565151f000-7f5651522000 ---p 00000000 00:00 0 
7f5651522000-7f5651620000 rw-p 00000000 00:00 0 
7f5651620000-7f5651621000 ---p 00000000 00:00 0 
7f5651621000-7f5652630000 rw-p 00000000 00:00 0 
7f5652630000-7f5652800000 r--s 03c54000 08:08 3424911                    /usr/local/android-studio/jre/jre/lib/rt.jar
7f5652800000-7f5652e40000 rw-p 00000000 00:00 0 
7f5652e40000-7f5653000000 ---p 00000000 00:00 0 
7f5653000000-7f5655000000 rw-p 00000000 00:00 0 
7f5655000000-7f5655440000 rwxp 00000000 00:00 0 
7f5655440000-7f5664000000 ---p 00000000 00:00 0 
7f5664000000-7f566438f000 rw-p 00000000 00:00 0 
7f566438f000-7f5668000000 ---p 00000000 00:00 0 
7f5668024000-7f5668033000 r--s 000ed000 08:08 2382241                    /home/onur/Android/Sdk/build-tools/27.0.3/lib/dx.jar
7f5668033000-7f566834e000 rw-p 00000000 00:00 0 
7f566834e000-7f566834f000 ---p 00000000 00:00 0 
7f566834f000-7f566844f000 rw-p 00000000 00:00 0 
7f566844f000-7f5668450000 ---p 00000000 00:00 0 
7f5668450000-7f5668550000 rw-p 00000000 00:00 0 
7f5668550000-7f5668551000 ---p 00000000 00:00 0 
7f5668551000-7f5668651000 rw-p 00000000 00:00 0 
7f5668651000-7f5668652000 ---p 00000000 00:00 0 
7f5668652000-7f5668767000 rw-p 00000000 00:00 0 
7f5668767000-7f56688a8000 ---p 00000000 00:00 0 
7f56688a8000-7f56688bd000 rw-p 00000000 00:00 0 
7f56688bd000-7f56689fd000 ---p 00000000 00:00 0 
7f56689fd000-7f5668a10000 rw-p 00000000 00:00 0 
7f5668a10000-7f5668aa8000 ---p 00000000 00:00 0 
7f5668aa8000-7f5668aba000 rw-p 00000000 00:00 0 
7f5668aba000-7f5668e69000 ---p 00000000 00:00 0 
7f5668e69000-7f5668e83000 r-xp 00000000 08:08 3424947                    /usr/local/android-studio/jre/jre/lib/amd64/libzip.so
7f5668e83000-7f5669082000 ---p 0001a000 08:08 3424947                    /usr/local/android-studio/jre/jre/lib/amd64/libzip.so
7f5669082000-7f5669083000 r--p 00019000 08:08 3424947                    /usr/local/android-studio/jre/jre/lib/amd64/libzip.so
7f5669083000-7f5669084000 rw-p 0001a000 08:08 3424947                    /usr/local/android-studio/jre/jre/lib/amd64/libzip.so
7f5669084000-7f566908f000 r-xp 00000000 08:08 4726060                    /lib/x86_64-linux-gnu/libnss_files-2.27.so
7f566908f000-7f566928e000 ---p 0000b000 08:08 4726060                    /lib/x86_64-linux-gnu/libnss_files-2.27.so
7f566928e000-7f566928f000 r--p 0000a000 08:08 4726060                    /lib/x86_64-linux-gnu/libnss_files-2.27.so
7f566928f000-7f5669290000 rw-p 0000b000 08:08 4726060                    /lib/x86_64-linux-gnu/libnss_files-2.27.so
7f5669290000-7f5669296000 rw-p 00000000 00:00 0 
7f5669296000-7f56692ad000 r-xp 00000000 08:08 4726057                    /lib/x86_64-linux-gnu/libnsl-2.27.so
7f56692ad000-7f56694ac000 ---p 00017000 08:08 4726057                    /lib/x86_64-linux-gnu/libnsl-2.27.so
7f56694ac000-7f56694ad000 r--p 00016000 08:08 4726057                    /lib/x86_64-linux-gnu/libnsl-2.27.so
7f56694ad000-7f56694ae000 rw-p 00017000 08:08 4726057                    /lib/x86_64-linux-gnu/libnsl-2.27.so
7f56694ae000-7f56694b0000 rw-p 00000000 00:00 0 
7f56694b0000-7f56694bb000 r-xp 00000000 08:08 4726062                    /lib/x86_64-linux-gnu/libnss_nis-2.27.so
7f56694bb000-7f56696ba000 ---p 0000b000 08:08 4726062                    /lib/x86_64-linux-gnu/libnss_nis-2.27.so
7f56696ba000-7f56696bb000 r--p 0000a000 08:08 4726062                    /lib/x86_64-linux-gnu/libnss_nis-2.27.so
7f56696bb000-7f56696bc000 rw-p 0000b000 08:08 4726062                    /lib/x86_64-linux-gnu/libnss_nis-2.27.so
7f56696bc000-7f56696c4000 r-xp 00000000 08:08 4726058                    /lib/x86_64-linux-gnu/libnss_compat-2.27.so
7f56696c4000-7f56698c4000 ---p 00008000 08:08 4726058                    /lib/x86_64-linux-gnu/libnss_compat-2.27.so
7f56698c4000-7f56698c5000 r--p 00008000 08:08 4726058                    /lib/x86_64-linux-gnu/libnss_compat-2.27.so
7f56698c5000-7f56698c6000 rw-p 00009000 08:08 4726058                    /lib/x86_64-linux-gnu/libnss_compat-2.27.so
7f56698c6000-7f56698f3000 r-xp 00000000 08:08 3424946                    /usr/local/android-studio/jre/jre/lib/amd64/libjava.so
7f56698f3000-7f5669af2000 ---p 0002d000 08:08 3424946                    /usr/local/android-studio/jre/jre/lib/amd64/libjava.so
7f5669af2000-7f5669af3000 r--p 0002c000 08:08 3424946                    /usr/local/android-studio/jre/jre/lib/amd64/libjava.so
7f5669af3000-7f5669af5000 rw-p 0002d000 08:08 3424946                    /usr/local/android-studio/jre/jre/lib/amd64/libjava.so
7f5669af5000-7f5669b06000 r-xp 00000000 08:08 3424928                    /usr/local/android-studio/jre/jre/lib/amd64/libverify.so
7f5669b06000-7f5669d05000 ---p 00011000 08:08 3424928                    /usr/local/android-studio/jre/jre/lib/amd64/libverify.so
7f5669d05000-7f5669d07000 r--p 00010000 08:08 3424928                    /usr/local/android-studio/jre/jre/lib/amd64/libverify.so
7f5669d07000-7f5669d08000 rw-p 00012000 08:08 3424928                    /usr/local/android-studio/jre/jre/lib/amd64/libverify.so
7f5669d08000-7f5669d0f000 r-xp 00000000 08:08 4726067                    /lib/x86_64-linux-gnu/librt-2.27.so
7f5669d0f000-7f5669f0e000 ---p 00007000 08:08 4726067                    /lib/x86_64-linux-gnu/librt-2.27.so
7f5669f0e000-7f5669f0f000 r--p 00006000 08:08 4726067                    /lib/x86_64-linux-gnu/librt-2.27.so
7f5669f0f000-7f5669f10000 rw-p 00007000 08:08 4726067                    /lib/x86_64-linux-gnu/librt-2.27.so
7f5669f10000-7f566a0ad000 r-xp 00000000 08:08 4726054                    /lib/x86_64-linux-gnu/libm-2.27.so
7f566a0ad000-7f566a2ac000 ---p 0019d000 08:08 4726054                    /lib/x86_64-linux-gnu/libm-2.27.so
7f566a2ac000-7f566a2ad000 r--p 0019c000 08:08 4726054                    /lib/x86_64-linux-gnu/libm-2.27.so
7f566a2ad000-7f566a2ae000 rw-p 0019d000 08:08 4726054                    /lib/x86_64-linux-gnu/libm-2.27.so
7f566a2ae000-7f566af1a000 r-xp 00000000 08:08 3424921                    /usr/local/android-studio/jre/jre/lib/amd64/server/libjvm.so
7f566af1a000-7f566b11a000 ---p 00c6c000 08:08 3424921                    /usr/local/android-studio/jre/jre/lib/amd64/server/libjvm.so
7f566b11a000-7f566b1ae000 r--p 00c6c000 08:08 3424921                    /usr/local/android-studio/jre/jre/lib/amd64/server/libjvm.so
7f566b1ae000-7f566b1d6000 rw-p 00d00000 08:08 3424921                    /usr/local/android-studio/jre/jre/lib/amd64/server/libjvm.so
7f566b1d6000-7f566b207000 rw-p 00000000 00:00 0 
7f566b207000-7f566b3ee000 r-xp 00000000 08:08 4726050                    /lib/x86_64-linux-gnu/libc-2.27.so
7f566b3ee000-7f566b5ee000 ---p 001e7000 08:08 4726050                    /lib/x86_64-linux-gnu/libc-2.27.so
7f566b5ee000-7f566b5f2000 r--p 001e7000 08:08 4726050                    /lib/x86_64-linux-gnu/libc-2.27.so
7f566b5f2000-7f566b5f4000 rw-p 001eb000 08:08 4726050                    /lib/x86_64-linux-gnu/libc-2.27.so
7f566b5f4000-7f566b5f8000 rw-p 00000000 00:00 0 
7f566b5f8000-7f566b5fb000 r-xp 00000000 08:08 4726053                    /lib/x86_64-linux-gnu/libdl-2.27.so
7f566b5fb000-7f566b7fa000 ---p 00003000 08:08 4726053                    /lib/x86_64-linux-gnu/libdl-2.27.so
7f566b7fa000-7f566b7fb000 r--p 00002000 08:08 4726053                    /lib/x86_64-linux-gnu/libdl-2.27.so
7f566b7fb000-7f566b7fc000 rw-p 00003000 08:08 4726053                    /lib/x86_64-linux-gnu/libdl-2.27.so
7f566b7fc000-7f566b812000 r-xp 00000000 08:08 3425039                    /usr/local/android-studio/jre/lib/amd64/jli/libjli.so
7f566b812000-7f566ba12000 ---p 00016000 08:08 3425039                    /usr/local/android-studio/jre/lib/amd64/jli/libjli.so
7f566ba12000-7f566ba13000 r--p 00016000 08:08 3425039                    /usr/local/android-studio/jre/lib/amd64/jli/libjli.so
7f566ba13000-7f566ba14000 rw-p 00017000 08:08 3425039                    /usr/local/android-studio/jre/lib/amd64/jli/libjli.so
7f566ba14000-7f566ba2e000 r-xp 00000000 08:08 4726065                    /lib/x86_64-linux-gnu/libpthread-2.27.so
7f566ba2e000-7f566bc2d000 ---p 0001a000 08:08 4726065                    /lib/x86_64-linux-gnu/libpthread-2.27.so
7f566bc2d000-7f566bc2e000 r--p 00019000 08:08 4726065                    /lib/x86_64-linux-gnu/libpthread-2.27.so
7f566bc2e000-7f566bc2f000 rw-p 0001a000 08:08 4726065                    /lib/x86_64-linux-gnu/libpthread-2.27.so
7f566bc2f000-7f566bc33000 rw-p 00000000 00:00 0 
7f566bc33000-7f566bc5a000 r-xp 00000000 08:08 4726046                    /lib/x86_64-linux-gnu/ld-2.27.so
7f566bc5e000-7f566bc66000 r--s 00032000 08:08 4996461                    /home/onur/.android/build-cache/417dc02a4713998075032ec2aed1cf7a39fd8506/output/jars/classes.jar
7f566bc66000-7f566bd37000 rw-p 00000000 00:00 0 
7f566bd37000-7f566bd38000 ---p 00000000 00:00 0 
7f566bd38000-7f566bd3b000 ---p 00000000 00:00 0 
7f566bd3b000-7f566be50000 rw-p 00000000 00:00 0 
7f566be50000-7f566be58000 rw-s 00000000 08:08 2382770                    /tmp/hsperfdata_onur/3192
7f566be58000-7f566be59000 rw-p 00000000 00:00 0 
7f566be59000-7f566be5a000 ---p 00000000 00:00 0 
7f566be5a000-7f566be5b000 r--p 00027000 08:08 4726046                    /lib/x86_64-linux-gnu/ld-2.27.so
7f566be5b000-7f566be5c000 rw-p 00028000 08:08 4726046                    /lib/x86_64-linux-gnu/ld-2.27.so
7f566be5c000-7f566be5d000 rw-p 00000000 00:00 0 
7ffe2d337000-7ffe2d358000 rw-p 00000000 00:00 0                          [stack]
7ffe2d383000-7ffe2d386000 r--p 00000000 00:00 0                          [vvar]
7ffe2d386000-7ffe2d388000 r-xp 00000000 00:00 0                          [vdso]
ffffffffff600000-ffffffffff601000 r-xp 00000000 00:00 0                  [vsyscall]

VM Arguments:
jvm_args: -Djava.awt.headless=true -Xmx1024M -Dfile.encoding=UTF-8 -Duser.country=US -Duser.language=en -Duser.variant 
java_command: com.android.dx.command.Main --dex --num-threads=4 --output /home/onur/AndroidProjects/Tulumbaci/app/build/intermediates/pre-dexed/debug/classes_a41a990b8d6318cc59e5cde9c6d0303a1362c256.jar /home/onur/.android/build-cache/417dc02a4713998075032ec2aed1cf7a39fd8506/output/jars/classes.jar
java_class_path (initial): /home/onur/Android/Sdk/build-tools/27.0.3/lib/dx.jar
Launcher Type: SUN_STANDARD

Environment Variables:
JAVA_HOME=/usr/lib/jvm/java-11-openjdk-amd64/bin/java
PATH=/home/onur/bin:/home/onur/.local/bin:/usr/local/sbin:/usr/local/bin:/usr/sbin:/usr/bin:/sbin:/bin:/usr/games:/usr/local/games:/snap/bin:/usr/local/go/bin
USERNAME=onur
SHELL=/bin/bash
DISPLAY=:0

Signal Handlers:
SIGSEGV: [libjvm.so+0xa71670], sa_mask[0]=11111111011111111101111111111110, sa_flags=SA_RESTART|SA_SIGINFO
SIGBUS: [libjvm.so+0xa71670], sa_mask[0]=11111111011111111101111111111110, sa_flags=SA_RESTART|SA_SIGINFO
SIGFPE: [libjvm.so+0x8b1780], sa_mask[0]=11111111011111111101111111111110, sa_flags=SA_RESTART|SA_SIGINFO
SIGPIPE: [libjvm.so+0x8b1780], sa_mask[0]=11111111011111111101111111111110, sa_flags=SA_RESTART|SA_SIGINFO
SIGXFSZ: [libjvm.so+0x8b1780], sa_mask[0]=11111111011111111101111111111110, sa_flags=SA_RESTART|SA_SIGINFO
SIGILL: [libjvm.so+0x8b1780], sa_mask[0]=11111111011111111101111111111110, sa_flags=SA_RESTART|SA_SIGINFO
SIGUSR1: SIG_DFL, sa_mask[0]=00000000000000000000000000000000, sa_flags=none
SIGUSR2: [libjvm.so+0x8b1650], sa_mask[0]=00100000000000000000000000000000, sa_flags=SA_RESTART|SA_SIGINFO
SIGHUP: [libjvm.so+0x8b1ab0], sa_mask[0]=11111111011111111101111111111110, sa_flags=SA_RESTART|SA_SIGINFO
SIGINT: [libjvm.so+0x8b1ab0], sa_mask[0]=11111111011111111101111111111110, sa_flags=SA_RESTART|SA_SIGINFO
SIGTERM: [libjvm.so+0x8b1ab0], sa_mask[0]=11111111011111111101111111111110, sa_flags=SA_RESTART|SA_SIGINFO
SIGQUIT: [libjvm.so+0x8b1ab0], sa_mask[0]=11111111011111111101111111111110, sa_flags=SA_RESTART|SA_SIGINFO


---------------  S Y S T E M  ---------------

OS:DISTRIB_ID=Ubuntu
DISTRIB_RELEASE=18.04
DISTRIB_CODENAME=bionic
DISTRIB_DESCRIPTION="Ubuntu 18.04.1 LTS"

uname:Linux 4.15.0-36-generic #39-Ubuntu SMP Mon Sep 24 16:19:09 UTC 2018 x86_64
libc:glibc 2.27 NPTL 2.27 
rlimit: STACK 8192k, CORE 0k, NPROC 14896, NOFILE 1048576, AS infinity
load average:10,25 5,03 2,29

/proc/meminfo:
MemTotal:        3942576 kB
MemFree:           95152 kB
MemAvailable:       1748 kB
Buffers:             480 kB
Cached:           332548 kB
SwapCached:            0 kB
Active:          3319560 kB
Inactive:         327380 kB
Active(anon):    3315344 kB
Inactive(anon):   318920 kB
Active(file):       4216 kB
Inactive(file):     8460 kB
Unevictable:          32 kB
Mlocked:              32 kB
SwapTotal:             0 kB
SwapFree:              0 kB
Dirty:                52 kB
Writeback:           316 kB
AnonPages:       3314172 kB
Mapped:            42208 kB
Shmem:            319984 kB
Slab:              90348 kB
SReclaimable:      44036 kB
SUnreclaim:        46312 kB
KernelStack:       11952 kB
PageTables:        49044 kB
NFS_Unstable:          0 kB
Bounce:                0 kB
WritebackTmp:          0 kB
CommitLimit:     1971288 kB
Committed_AS:    7807792 kB
VmallocTotal:   34359738367 kB
VmallocUsed:           0 kB
VmallocChunk:          0 kB
HardwareCorrupted:     0 kB
AnonHugePages:         0 kB
ShmemHugePages:        0 kB
ShmemPmdMapped:        0 kB
CmaTotal:              0 kB
CmaFree:               0 kB
HugePages_Total:       0
HugePages_Free:        0
HugePages_Rsvd:        0
HugePages_Surp:        0
Hugepagesize:       2048 kB
DirectMap4k:      162112 kB
DirectMap2M:     3936256 kB
DirectMap1G:     1048576 kB


CPU:total 4 (initial active 4) (2 cores per cpu, 2 threads per core) family 6 model 61 stepping 4, cmov, cx8, fxsr, mmx, sse, sse2, sse3, ssse3, sse4.1, sse4.2, popcnt, avx, avx2, aes, clmul, erms, 3dnowpref, lzcnt, ht, tsc, tscinvbit, bmi1, bmi2, adx

/proc/cpuinfo:
processor	: 0
vendor_id	: GenuineIntel
cpu family	: 6
model		: 61
model name	: Intel(R) Core(TM) i3-5005U CPU @ 2.00GHz
stepping	: 4
microcode	: 0x2b
cpu MHz		: 1995.355
cache size	: 3072 KB
physical id	: 0
siblings	: 4
core id		: 0
cpu cores	: 2
apicid		: 0
initial apicid	: 0
fpu		: yes
fpu_exception	: yes
cpuid level	: 20
wp		: yes
flags		: fpu vme de pse tsc msr pae mce cx8 apic sep mtrr pge mca cmov pat pse36 clflush dts acpi mmx fxsr sse sse2 ss ht tm pbe syscall nx pdpe1gb rdtscp lm constant_tsc arch_perfmon pebs bts rep_good nopl xtopology nonstop_tsc cpuid aperfmperf pni pclmulqdq dtes64 monitor ds_cpl vmx est tm2 ssse3 sdbg fma cx16 xtpr pdcm pcid sse4_1 sse4_2 x2apic movbe popcnt tsc_deadline_timer aes xsave avx f16c rdrand lahf_lm abm 3dnowprefetch cpuid_fault epb invpcid_single pti ssbd ibrs ibpb stibp tpr_shadow vnmi flexpriority ept vpid fsgsbase tsc_adjust bmi1 avx2 smep bmi2 erms invpcid rdseed adx smap intel_pt xsaveopt dtherm ida arat pln pts flush_l1d
bugs		: cpu_meltdown spectre_v1 spectre_v2 spec_store_bypass l1tf
bogomips	: 3990.71
clflush size	: 64
cache_alignment	: 64
address sizes	: 39 bits physical, 48 bits virtual
power management:

processor	: 1
vendor_id	: GenuineIntel
cpu family	: 6
model		: 61
model name	: Intel(R) Core(TM) i3-5005U CPU @ 2.00GHz
stepping	: 4
microcode	: 0x2b
cpu MHz		: 1995.356
cache size	: 3072 KB
physical id	: 0
siblings	: 4
core id		: 0
cpu cores	: 2
apicid		: 1
initial apicid	: 1
fpu		: yes
fpu_exception	: yes
cpuid level	: 20
wp		: yes
flags		: fpu vme de pse tsc msr pae mce cx8 apic sep mtrr pge mca cmov pat pse36 clflush dts acpi mmx fxsr sse sse2 ss ht tm pbe syscall nx pdpe1gb rdtscp lm constant_tsc arch_perfmon pebs bts rep_good nopl xtopology nonstop_tsc cpuid aperfmperf pni pclmulqdq dtes64 monitor ds_cpl vmx est tm2 ssse3 sdbg fma cx16 xtpr pdcm pcid sse4_1 sse4_2 x2apic movbe popcnt tsc_deadline_timer aes xsave avx f16c rdrand lahf_lm abm 3dnowprefetch cpuid_fault epb invpcid_single pti ssbd ibrs ibpb stibp tpr_shadow vnmi flexpriority ept vpid fsgsbase tsc_adjust bmi1 avx2 smep bmi2 erms invpcid rdseed adx smap intel_pt xsaveopt dtherm ida arat pln pts flush_l1d
bugs		: cpu_meltdown spectre_v1 spectre_v2 spec_store_bypass l1tf
bogomips	: 3990.71
clflush size	: 64
cache_alignment	: 64
address sizes	: 39 bits physical, 48 bits virtual
power management:

processor	: 2
vendor_id	: GenuineIntel
cpu family	: 6
model		: 61
model name	: Intel(R) Core(TM) i3-5005U CPU @ 2.00GHz
stepping	: 4
microcode	: 0x2b
cpu MHz		: 1995.359
cache size	: 3072 KB
physical id	: 0
siblings	: 4
core id		: 1
cpu cores	: 2
apicid		: 2
initial apicid	: 2
fpu		: yes
fpu_exception	: yes
cpuid level	: 20
wp		: yes
flags		: fpu vme de pse tsc msr pae mce cx8 apic sep mtrr pge mca cmov pat pse36 clflush dts acpi mmx fxsr sse sse2 ss ht tm pbe syscall nx pdpe1gb rdtscp lm constant_tsc arch_perfmon pebs bts rep_good nopl xtopology nonstop_tsc cpuid aperfmperf pni pclmulqdq dtes64 monitor ds_cpl vmx est tm2 ssse3 sdbg fma cx16 xtpr pdcm pcid sse4_1 sse4_2 x2apic movbe popcnt tsc_deadline_timer aes xsave avx f16c rdrand lahf_lm abm 3dnowprefetch cpuid_fault epb invpcid_single pti ssbd ibrs ibpb stibp tpr_shadow vnmi flexpriority ept vpid fsgsbase tsc_adjust bmi1 avx2 smep bmi2 erms invpcid rdseed adx smap intel_pt xsaveopt dtherm ida arat pln pts flush_l1d
bugs		: cpu_meltdown spectre_v1 spectre_v2 spec_store_bypass l1tf
bogomips	: 3990.71
clflush size	: 64
cache_alignment	: 64
address sizes	: 39 bits physical, 48 bits virtual
power management:

processor	: 3
vendor_id	: GenuineIntel
cpu family	: 6
model		: 61
model name	: Intel(R) Core(TM) i3-5005U CPU @ 2.00GHz
stepping	: 4
microcode	: 0x2b
cpu MHz		: 1995.369
cache size	: 3072 KB
physical id	: 0
siblings	: 4
core id		: 1
cpu cores	: 2
apicid		: 3
initial apicid	: 3
fpu		: yes
fpu_exception	: yes
cpuid level	: 20
wp		: yes
flags		: fpu vme de pse tsc msr pae mce cx8 apic sep mtrr pge mca cmov pat pse36 clflush dts acpi mmx fxsr sse sse2 ss ht tm pbe syscall nx pdpe1gb rdtscp lm constant_tsc arch_perfmon pebs bts rep_good nopl xtopology nonstop_tsc cpuid aperfmperf pni pclmulqdq dtes64 monitor ds_cpl vmx est tm2 ssse3 sdbg fma cx16 xtpr pdcm pcid sse4_1 sse4_2 x2apic movbe popcnt tsc_deadline_timer aes xsave avx f16c rdrand lahf_lm abm 3dnowprefetch cpuid_fault epb invpcid_single pti ssbd ibrs ibpb stibp tpr_shadow vnmi flexpriority ept vpid fsgsbase tsc_adjust bmi1 avx2 smep bmi2 erms invpcid rdseed adx smap intel_pt xsaveopt dtherm ida arat pln pts flush_l1d
bugs		: cpu_meltdown spectre_v1 spectre_v2 spec_store_bypass l1tf
bogomips	: 3990.71
clflush size	: 64
cache_alignment	: 64
address sizes	: 39 bits physical, 48 bits virtual
power management:



Memory: 4k page, physical 3942576k(95152k free), swap 0k(0k free)

vm_info: OpenJDK 64-Bit Server VM (25.152-b06) for linux-amd64 JRE (1.8.0_152-release-1136-b06), built by "builder" with gcc 7.3.0

time: Sat Oct 20 20:36:31 2018
elapsed time: 11 seconds (0d 0h 0m 11s)

